[17:55:53] [Server thread/INFO]: Starting minecraft server version 1.12
[17:55:53] [Server thread/INFO]: Loading properties
[17:55:53] [Server thread/INFO]: Default game type: CREATIVE
[17:55:53] [Server thread/INFO]: Generating keypair
[17:55:53] [Server thread/INFO]: Starting Minecraft server on *:25565
[17:55:53] [Server thread/INFO]: Using default channel type
[17:55:56] [Server thread/INFO]: This server is running CraftBukkit version git-Bukkit-ed8c725 (MC: 1.12) (Implementing API version 1.12-R0.1-SNAPSHOT)
[17:55:56] [Server thread/INFO]: [RaspberryJuice] Loading RaspberryJuice v1.10
[17:55:56] [Server thread/WARN]: **** SERVER IS RUNNING IN OFFLINE/INSECURE MODE!
[17:55:56] [Server thread/WARN]: The server will make no attempt to authenticate usernames. Beware.
[17:55:56] [Server thread/WARN]: While this makes the game possible to play without internet access, it also opens up the ability for hackers to connect with any username they choose.
[17:55:56] [Server thread/WARN]: To change this, set "online-mode" to "true" in the server.properties file.
[17:55:56] [Server thread/INFO]: Preparing level "world"
[17:55:56] [Server thread/INFO]: Preparing start region for level 0 (Seed: 3272691789889605005)
[17:55:57] [Server thread/INFO]: Preparing spawn area: 17%
[17:55:58] [Server thread/INFO]: Preparing spawn area: 42%
[17:55:59] [Server thread/INFO]: Preparing spawn area: 68%
[17:56:00] [Server thread/INFO]: Preparing spawn area: 94%
[17:56:00] [Server thread/INFO]: Preparing start region for level 1 (Seed: 3272691789889605005)
[17:56:01] [Server thread/INFO]: Preparing spawn area: 35%
[17:56:02] [Server thread/INFO]: Preparing spawn area: 74%
[17:56:03] [Server thread/INFO]: Preparing start region for level 2 (Seed: 3272691789889605005)
[17:56:04] [Server thread/INFO]: [RaspberryJuice] Enabling RaspberryJuice v1.10
[17:56:04] [Server thread/INFO]: [RaspberryJuice] Using port 4711
[17:56:04] [Server thread/INFO]: [RaspberryJuice] Using ABSOLUTE locations
[17:56:04] [Server thread/INFO]: [RaspberryJuice] Using BOTH clicks for hits
[17:56:04] [Server thread/INFO]: [RaspberryJuice] ThreadListener Started
[17:56:04] [Server thread/INFO]: Server permissions file permissions.yml is empty, ignoring it
[17:56:04] [Server thread/INFO]: Done (8,356s)! For help, type "help" or "?"
[17:56:27] [Server thread/INFO]: Judith[/127.0.0.1:52900] logged in with entity id 2817 at ([world]173.5, 65.0, 170.5)
[17:57:00] [Netty Server IO #2/INFO]: <Judith> hols[m
[18:01:23] [Server thread/INFO]: Judith lost connection: Internal Exception: java.io.IOException: Se ha forzado la interrupción de una conexión existente por el host remoto
[18:01:23] [Server thread/INFO]: Judith left the game
